{"/home/bento/studies/nodejs-clean-architecture/src/presentation/helpers/http-response.js": {"path":"/home/bento/studies/nodejs-clean-architecture/src/presentation/helpers/http-response.js","statementMap":{"0":{"start":{"line":1,"column":26},"end":{"line":1,"column":58}},"1":{"start":{"line":2,"column":26},"end":{"line":2,"column":57}},"2":{"start":{"line":4,"column":0},"end":{"line":24,"column":1}},"3":{"start":{"line":6,"column":4},"end":{"line":9,"column":5}},"4":{"start":{"line":13,"column":4},"end":{"line":15,"column":5}},"5":{"start":{"line":19,"column":4},"end":{"line":22,"column":5}}},"fnMap":{"0":{"name":"(anonymous_0)","decl":{"start":{"line":5,"column":2},"end":{"line":5,"column":3}},"loc":{"start":{"line":5,"column":32},"end":{"line":10,"column":3}},"line":5},"1":{"name":"(anonymous_1)","decl":{"start":{"line":12,"column":2},"end":{"line":12,"column":3}},"loc":{"start":{"line":12,"column":24},"end":{"line":16,"column":3}},"line":12},"2":{"name":"(anonymous_2)","decl":{"start":{"line":18,"column":2},"end":{"line":18,"column":3}},"loc":{"start":{"line":18,"column":30},"end":{"line":23,"column":3}},"line":18}},"branchMap":{},"s":{"0":1,"1":1,"2":1,"3":2,"4":2,"5":2},"f":{"0":2,"1":2,"2":2},"b":{},"_coverageSchema":"1a1c01bbd47fc00a2c39e90264f33305004495a9","hash":"dfa2ced0fcecc71d093516480fd8bbaca69fb4d9"}
,"/home/bento/studies/nodejs-clean-architecture/src/presentation/helpers/missing-param-error.js": {"path":"/home/bento/studies/nodejs-clean-architecture/src/presentation/helpers/missing-param-error.js","statementMap":{"0":{"start":{"line":1,"column":0},"end":{"line":6,"column":1}},"1":{"start":{"line":3,"column":4},"end":{"line":3,"column":40}},"2":{"start":{"line":4,"column":4},"end":{"line":4,"column":35}}},"fnMap":{"0":{"name":"(anonymous_0)","decl":{"start":{"line":2,"column":2},"end":{"line":2,"column":3}},"loc":{"start":{"line":2,"column":26},"end":{"line":5,"column":3}},"line":2}},"branchMap":{},"s":{"0":1,"1":4,"2":4},"f":{"0":4},"b":{},"_coverageSchema":"1a1c01bbd47fc00a2c39e90264f33305004495a9","hash":"65e4d9ce16e17383e29130c32bd315d5e4e493c8"}
,"/home/bento/studies/nodejs-clean-architecture/src/presentation/helpers/unauthorized-error.js": {"path":"/home/bento/studies/nodejs-clean-architecture/src/presentation/helpers/unauthorized-error.js","statementMap":{"0":{"start":{"line":1,"column":0},"end":{"line":6,"column":1}},"1":{"start":{"line":3,"column":4},"end":{"line":3,"column":25}},"2":{"start":{"line":4,"column":4},"end":{"line":4,"column":35}}},"fnMap":{"0":{"name":"(anonymous_0)","decl":{"start":{"line":2,"column":2},"end":{"line":2,"column":3}},"loc":{"start":{"line":2,"column":26},"end":{"line":5,"column":3}},"line":2}},"branchMap":{},"s":{"0":1,"1":3,"2":3},"f":{"0":3},"b":{},"_coverageSchema":"1a1c01bbd47fc00a2c39e90264f33305004495a9","hash":"f35cea3164a71ea2c614cd7ddf50dc883836b7ed"}
,"/home/bento/studies/nodejs-clean-architecture/src/presentation/routers/login-router.js": {"path":"/home/bento/studies/nodejs-clean-architecture/src/presentation/routers/login-router.js","statementMap":{"0":{"start":{"line":1,"column":21},"end":{"line":1,"column":56}},"1":{"start":{"line":3,"column":0},"end":{"line":24,"column":1}},"2":{"start":{"line":5,"column":4},"end":{"line":5,"column":34}},"3":{"start":{"line":9,"column":4},"end":{"line":11,"column":5}},"4":{"start":{"line":10,"column":6},"end":{"line":10,"column":39}},"5":{"start":{"line":13,"column":32},"end":{"line":13,"column":48}},"6":{"start":{"line":14,"column":4},"end":{"line":16,"column":5}},"7":{"start":{"line":15,"column":6},"end":{"line":15,"column":45}},"8":{"start":{"line":18,"column":4},"end":{"line":20,"column":5}},"9":{"start":{"line":19,"column":6},"end":{"line":19,"column":48}},"10":{"start":{"line":21,"column":4},"end":{"line":21,"column":42}},"11":{"start":{"line":22,"column":4},"end":{"line":22,"column":43}}},"fnMap":{"0":{"name":"(anonymous_0)","decl":{"start":{"line":4,"column":2},"end":{"line":4,"column":3}},"loc":{"start":{"line":4,"column":28},"end":{"line":6,"column":3}},"line":4},"1":{"name":"(anonymous_1)","decl":{"start":{"line":8,"column":2},"end":{"line":8,"column":3}},"loc":{"start":{"line":8,"column":22},"end":{"line":23,"column":3}},"line":8}},"branchMap":{"0":{"loc":{"start":{"line":9,"column":4},"end":{"line":11,"column":5}},"type":"if","locations":[{"start":{"line":9,"column":4},"end":{"line":11,"column":5}},{"start":{"line":9,"column":4},"end":{"line":11,"column":5}}],"line":9},"1":{"loc":{"start":{"line":9,"column":8},"end":{"line":9,"column":41}},"type":"binary-expr","locations":[{"start":{"line":9,"column":8},"end":{"line":9,"column":20}},{"start":{"line":9,"column":24},"end":{"line":9,"column":41}}],"line":9},"2":{"loc":{"start":{"line":14,"column":4},"end":{"line":16,"column":5}},"type":"if","locations":[{"start":{"line":14,"column":4},"end":{"line":16,"column":5}},{"start":{"line":14,"column":4},"end":{"line":16,"column":5}}],"line":14},"3":{"loc":{"start":{"line":18,"column":4},"end":{"line":20,"column":5}},"type":"if","locations":[{"start":{"line":18,"column":4},"end":{"line":20,"column":5}},{"start":{"line":18,"column":4},"end":{"line":20,"column":5}}],"line":18}},"s":{"0":1,"1":1,"2":6,"3":6,"4":2,"5":4,"6":4,"7":1,"8":3,"9":1,"10":2,"11":2},"f":{"0":6,"1":6},"b":{"0":[2,4],"1":[6,5],"2":[1,3],"3":[1,2]},"_coverageSchema":"1a1c01bbd47fc00a2c39e90264f33305004495a9","hash":"d5ca5335f1d541dcb0f619f1b46986a4caf8d466"}
}
